INFO: Log file created: C:\Presence\Presence0.1\Uploader\Youtube\Logs\20250212_112047.log


INPUT: Available Channels:
  1. God Mode Notes

INPUT: Enter a channel name or number (or type a new channel name): 
INFO: Channel selected: God Mode Notes

INFO: SwitchAccount for channel: 'God Mode Notes'
Traceback (most recent call last):
  File "c:\Presence\Presence0.1\Uploader\Youtube\main\main.py", line 141, in <module>
    main()
    ~~~~^^
  File "c:\Presence\Presence0.1\Uploader\Youtube\main\main.py", line 131, in main
    run_script(switch_account_script, channel_name, "SwitchAccount")
    ~~~~~~~~~~^^^^^^^^^^^^^^^^^^^^^^^^^^^^^^^^^^^^^^^^^^^^^^^^^^^^^^
  File "c:\Presence\Presence0.1\Uploader\Youtube\main\main.py", line 77, in run_script
    result = subprocess.run(
        [sys.executable, script_path, channel_name],
    ...<3 lines>...
        text=True
    )
  File "C:\Users\omers\AppData\Local\Programs\Python\Python313\Lib\subprocess.py", line 556, in run
    stdout, stderr = process.communicate(input, timeout=timeout)
                     ~~~~~~~~~~~~~~~~~~~^^^^^^^^^^^^^^^^^^^^^^^^
  File "C:\Users\omers\AppData\Local\Programs\Python\Python313\Lib\subprocess.py", line 1206, in communicate
    stdout = self.stdout.read()
  File "C:\Users\omers\AppData\Local\Programs\Python\Python313\Lib\encodings\cp1252.py", line 22, in decode
    def decode(self, input, final=False):
    
KeyboardInterrupt
