INFO: Log file created: D:\2025\Projects\Presence\Presence0.1\Uploader\Youtube\Logs\20250225_134513.log


INFO: Channel provided from command line: RedNBlack

INFO: AutoUpload for channel: 'RedNBlack'
ERROR: 'AutoUploadYouTube.py' failed with exit code 1
INFO: Selected folder: D:\2025\Projects\Presence\Presence0.1\Channels\RedNBlack\Clips\20250225_134216
INFO: Video file: D:\2025\Projects\Presence\Presence0.1\Channels\RedNBlack\Clips\20250225_134216\20250225_134216.mp4 (Timestamp: 20250225_134216)
INFO: Initiating upload for video: D:\2025\Projects\Presence\Presence0.1\Channels\RedNBlack\Clips\20250225_134216\20250225_134216.mp4
Traceback (most recent call last):
  File "D:\2025\Projects\Presence\Presence0.1\Uploader\Youtube\AutoUpload - Youtube\Code\AutoUploadYouTube.py", line 280, in <module>
    main()
  File "D:\2025\Projects\Presence\Presence0.1\Uploader\Youtube\AutoUpload - Youtube\Code\AutoUploadYouTube.py", line 264, in main
    upload_video(bot, video_path, folder_path, timestamp)
  File "D:\2025\Projects\Presence\Presence0.1\Uploader\Youtube\AutoUpload - Youtube\Code\AutoUploadYouTube.py", line 170, in upload_video
    upload_button.click()
  File "C:\Users\omers\AppData\Local\Programs\Python\Python311\Lib\site-packages\selenium\webdriver\remote\webelement.py", line 119, in click
    self._execute(Command.CLICK_ELEMENT)
  File "C:\Users\omers\AppData\Local\Programs\Python\Python311\Lib\site-packages\selenium\webdriver\remote\webelement.py", line 572, in _execute
    return self._parent.execute(command, params)
           ^^^^^^^^^^^^^^^^^^^^^^^^^^^^^^^^^^^^^
  File "C:\Users\omers\AppData\Local\Programs\Python\Python311\Lib\site-packages\selenium\webdriver\remote\webdriver.py", line 429, in execute
    self.error_handler.check_response(response)
  File "C:\Users\omers\AppData\Local\Programs\Python\Python311\Lib\site-packages\selenium\webdriver\remote\errorhandler.py", line 232, in check_response
    raise exception_class(message, screen, stacktrace)
selenium.common.exceptions.ElementClickInterceptedException: Message: element click intercepted: Element <ytcp-icon-button id="upload-icon" track-click="" class="style-scope ytcp-quick-actions" tabindex="0" modern="" aria-disabled="false" aria-label="Upload videos" role="button">...</ytcp-icon-button> is not clickable at point (1442, 99). Other element would receive the click: <tp-yt-iron-overlay-backdrop opened="" class="opened" style="opacity: 0; z-index: 2201;">...</tp-yt-iron-overlay-backdrop>
  (Session info: chrome=134.0.6998.23)
Stacktrace:
	GetHandleVerifier [0x00007FF78FACB405+3109445]
	(No symbol) [0x00007FF78F74B190]
	(No symbol) [0x00007FF78F5E8FDA]
	(No symbol) [0x00007FF78F6470F9]
	(No symbol) [0x00007FF78F644AC2]
	(No symbol) [0x00007FF78F641B61]
	(No symbol) [0x00007FF78F640A81]
	(No symbol) [0x00007FF78F632284]
	(No symbol) [0x00007FF78F66723A]
	(No symbol) [0x00007FF78F631B36]
	(No symbol) [0x00007FF78F667450]
	(No symbol) [0x00007FF78F68F704]
	(No symbol) [0x00007FF78F667013]
	(No symbol) [0x00007FF78F62FF5E]
	(No symbol) [0x00007FF78F6311E3]
	GetHandleVerifier [0x00007FF78FB2B41D+3502685]
	GetHandleVerifier [0x00007FF78FB46993+3614675]
	GetHandleVerifier [0x00007FF78FB3BD23+3570531]
	GetHandleVerifier [0x00007FF78F89ECBA+830202]
	(No symbol) [0x00007FF78F75643F]
	(No symbol) [0x00007FF78F752294]
	(No symbol) [0x00007FF78F752436]
	(No symbol) [0x00007FF78F741E89]
	BaseThreadInitThunk [0x00007FFDBD30259D+29]
	RtlUserThreadStart [0x00007FFDBDA8AF38+40]


