INFO: Log file created: D:\2025\Projects\Presence\Presence0.1\Uploader\Logs\All_Uploader_Logs\20250317_155904.log


INFO: Channel provided from command line: RedNBlack
INFO: Earliest folder found: D:\2025\Projects\Presence\Presence0.1\Channels\RedNBlack\Clips\15_20250311_152718

ACTION: YouTube Uploader
CHANNEL: 'RedNBlack',
INPUT: 'D:\2025\Projects\Presence\Presence0.1\Channels\RedNBlack\Clips\15_20250311_152718'
INFO: Video file: D:\2025\Projects\Presence\Presence0.1\Channels\RedNBlack\Clips\15_20250311_152718\15_20250311_152718.mp4 (Timestamp: 20250311_152718)
INFO: Initiating upload for video: D:\2025\Projects\Presence\Presence0.1\Channels\RedNBlack\Clips\15_20250311_152718\15_20250311_152718.mp4
INFO: Video file selected for upload.
INFO: Waiting for YouTube to finish processing the video...
INFO: Video processing completed.
INFO: Updating video title and description...
INFO: Video details updated successfully.
INFO: Clicked 'Next' button (1/3).
INFO: Clicked 'Next' button (2/3).
INFO: Clicked 'Next' button (3/3).
INFO: 'Done' button clicked. Video upload finalized.
INFO: YouTube upload process completed successfully.

✅ YouTube Uploader completed successfully.


ACTION: TikTok Uploader
CHANNEL: 'RedNBlack',
INPUT: 'D:\2025\Projects\Presence\Presence0.1\Channels\RedNBlack\Clips\15_20250311_152718'
INFO: Video file: D:\2025\Projects\Presence\Presence0.1\Channels\RedNBlack\Clips\15_20250311_152718\15_20250311_152718.mp4 (Timestamp: 20250311_152718)
INFO: Description: genius is one percent inspiration. ninety-nine percent perspiration. i have not failed just found
INFO: Initiating TikTok upload for video: D:\2025\Projects\Presence\Presence0.1\Channels\RedNBlack\Clips\15_20250311_152718\15_20250311_152718.mp4
INFO: Video file selected for upload.
INFO: Expected placeholder (current text) in description editor: '15_20250311_152718'
INFO: Found description editor using placeholder match.
INFO: Description updated with metadata.
INFO: 'Post' button clicked. TikTok upload finalized.
INFO: TikTok upload process completed successfully.

✅ TikTok Uploader completed successfully.


ACTION: Instagram Uploader
CHANNEL: 'RedNBlack',
INPUT: 'D:\2025\Projects\Presence\Presence0.1\Channels\RedNBlack\Clips\15_20250311_152718'
INFO: Clicked 'Create'.
INFO: Clicked 'Select from computer'.
INFO: Selected file: D:\2025\Projects\Presence\Presence0.1\Channels\RedNBlack\Clips\15_20250311_152718\15_20250311_152718.mp4
INFO: Clicked the first 'Next' in the crop dialog.
INFO: Clicked the 'Next' button in Edit dialog.
INFO: Pasting description into caption: genius is one percent inspiration. ninety-nine percent perspiration. i have not failed just found
INFO: Description pasted successfully.
INFO: Clicked 'Share'.
ERROR: Share confirmation not detected within 120 seconds: Message: invalid session id: session deleted as the browser has closed the connection
from disconnected: not connected to DevTools
  (Session info: chrome=135.0.7049.3)
Stacktrace:
	GetHandleVerifier [0x00007FF7C109BAB5+76533]
	GetHandleVerifier [0x00007FF7C109BB10+76624]
	(No symbol) [0x00007FF7C0E691CA]
	(No symbol) [0x00007FF7C0E54F25]
	(No symbol) [0x00007FF7C0E79F04]
	(No symbol) [0x00007FF7C0EEEC1F]
	(No symbol) [0x00007FF7C0F0EAE2]
	(No symbol) [0x00007FF7C0EE6EC3]
	(No symbol) [0x00007FF7C0EB0308]
	(No symbol) [0x00007FF7C0EB1073]
	GetHandleVerifier [0x00007FF7C135FE7D+2977469]
	GetHandleVerifier [0x00007FF7C135A61D+2954845]
	GetHandleVerifier [0x00007FF7C1377CD3+3075347]
	GetHandleVerifier [0x00007FF7C10B5FBA+184314]
	GetHandleVerifier [0x00007FF7C10BDF8F+217039]
	GetHandleVerifier [0x00007FF7C10A3724+108388]
	GetHandleVerifier [0x00007FF7C10A38D2+108818]
	GetHandleVerifier [0x00007FF7C108A4D9+5401]
	BaseThreadInitThunk [0x00007FFFAF1DE8D7+23]
	RtlUserThreadStart [0x00007FFFAFCFBF6C+44]

ERROR: Upload confirmation not detected; process may not be complete.
INFO: Done.

✅ Instagram Uploader completed successfully.

INFO: Moving folder 'D:\2025\Projects\Presence\Presence0.1\Channels\RedNBlack\Clips\15_20250311_152718' to archive: D:\2025\Projects\Presence\Presence0.1\Channels\RedNBlack\Clips_Archive\15_20250311_152718
INFO: Process completed successfully.
