INFO: Log file created: D:\2025\Projects\Presence\Presence0.1\Uploader\Logs\All_Uploader_Logs\20250317_162916.log


INFO: Channel provided from command line: God Mode Notes
INFO: Earliest folder found: D:\2025\Projects\Presence\Presence0.1\Channels\God Mode Notes\Clips\20250316_020007
WARNING: Unknown media '#youtube', skipping.
WARNING: Unknown media '#tiktok', skipping.

ACTION: Instagram Uploader
CHANNEL: 'God Mode Notes',
INPUT: 'D:\2025\Projects\Presence\Presence0.1\Channels\God Mode Notes\Clips\20250316_020007'
Traceback (most recent call last):
  File "D:\2025\Projects\Presence\Presence0.1\Uploader\Code\Channel_Uploader\Channel_Uploader.py", line 178, in <module>
    main()
  File "D:\2025\Projects\Presence\Presence0.1\Uploader\Code\Channel_Uploader\Channel_Uploader.py", line 166, in main
    run_script(uploader_script, channel_name, earliest_folder, description_text)
  File "D:\2025\Projects\Presence\Presence0.1\Uploader\Code\Channel_Uploader\Channel_Uploader.py", line 76, in run_script
    result = subprocess.run(
             ^^^^^^^^^^^^^^^
  File "C:\Users\omers\AppData\Local\Programs\Python\Python311\Lib\subprocess.py", line 550, in run
    stdout, stderr = process.communicate(input, timeout=timeout)
                     ^^^^^^^^^^^^^^^^^^^^^^^^^^^^^^^^^^^^^^^^^^^
  File "C:\Users\omers\AppData\Local\Programs\Python\Python311\Lib\subprocess.py", line 1194, in communicate
    stdout = self.stdout.read()
             ^^^^^^^^^^^^^^^^^^
  File "C:\Users\omers\AppData\Local\Programs\Python\Python311\Lib\encodings\cp1252.py", line 22, in decode
    def decode(self, input, final=False):

KeyboardInterrupt
