INFO: Log file created: D:\2025\Projects\Presence\Presence0.1\Uploader\Logs\All_Uploader_Logs\20250317_162101.log


INFO: Channel provided from command line: God Mode Notes
INFO: Earliest folder found: D:\2025\Projects\Presence\Presence0.1\Channels\God Mode Notes\Clips\20250315_020005
WARNING: Unknown media '#youtube', skipping.
WARNING: Unknown media '#tiktok', skipping.

ACTION: Instagram Uploader
CHANNEL: 'God Mode Notes',
INPUT: 'D:\2025\Projects\Presence\Presence0.1\Channels\God Mode Notes\Clips\20250315_020005'
INFO: Clicked 'Create'.
INFO: Clicked 'Select from computer'.
INFO: Selected file: D:\2025\Projects\Presence\Presence0.1\Channels\God Mode Notes\Clips\20250315_020005\20250315_020005.mp4
INFO: Clicked the first 'Next' in the crop dialog.
INFO: Clicked the 'Next' button in Edit dialog.
INFO: Pasting description into caption: Keep your eyes on the stars, and your feet on the ground.
INFO: Description pasted successfully.
INFO: Discard popup detected.
INFO: Clicked 'Share'.
ERROR: Share confirmation not detected within 120 seconds: Message: invalid session id: session deleted as the browser has closed the connection
from disconnected: not connected to DevTools
  (Session info: chrome=135.0.7049.3)
Stacktrace:
	GetHandleVerifier [0x00007FF7C109BAB5+76533]
	GetHandleVerifier [0x00007FF7C109BB10+76624]
	(No symbol) [0x00007FF7C0E691CA]
	(No symbol) [0x00007FF7C0E54F25]
	(No symbol) [0x00007FF7C0E79F04]
	(No symbol) [0x00007FF7C0EEEC1F]
	(No symbol) [0x00007FF7C0F0EAE2]
	(No symbol) [0x00007FF7C0EE6EC3]
	(No symbol) [0x00007FF7C0EB0308]
	(No symbol) [0x00007FF7C0EB1073]
	GetHandleVerifier [0x00007FF7C135FE7D+2977469]
	GetHandleVerifier [0x00007FF7C135A61D+2954845]
	GetHandleVerifier [0x00007FF7C1377CD3+3075347]
	GetHandleVerifier [0x00007FF7C10B5FBA+184314]
	GetHandleVerifier [0x00007FF7C10BDF8F+217039]
	GetHandleVerifier [0x00007FF7C10A3724+108388]
	GetHandleVerifier [0x00007FF7C10A38D2+108818]
	GetHandleVerifier [0x00007FF7C108A4D9+5401]
	BaseThreadInitThunk [0x00007FFFAF1DE8D7+23]
	RtlUserThreadStart [0x00007FFFAFCFBF6C+44]

ERROR: Upload confirmation not detected; process may not be complete.
INFO: Done.

✅ Instagram Uploader completed successfully.

INFO: Moving folder 'D:\2025\Projects\Presence\Presence0.1\Channels\God Mode Notes\Clips\20250315_020005' to archive: D:\2025\Projects\Presence\Presence0.1\Channels\God Mode Notes\Clips_Archive\20250315_020005
INFO: Process completed successfully.
