INFO: Log file created: D:\2025\Projects\Presence\Presence0.1\Uploader\Logs\20250317_020746.log


INFO: Channel provided from command line: The Science Of Getting Rich
INFO: Earliest folder found: D:\2025\Projects\Presence\Presence0.1\Channels\The Science Of Getting Rich\Clips\_The_Creative_Process__Formless_Motion_

INFO: YouTube AutoUpload for channel: 'The Science Of Getting Rich', folder: 'D:\2025\Projects\Presence\Presence0.1\Channels\The Science Of Getting Rich\Clips\_The_Creative_Process__Formless_Motion_'
INFO: Video file: D:\2025\Projects\Presence\Presence0.1\Channels\The Science Of Getting Rich\Clips\_The_Creative_Process__Formless_Motion_\_The_Creative_Process__Formless_Motion_.mp4 (Timestamp: 20250316_142309)
INFO: Initiating upload for video: D:\2025\Projects\Presence\Presence0.1\Channels\The Science Of Getting Rich\Clips\_The_Creative_Process__Formless_Motion_\_The_Creative_Process__Formless_Motion_.mp4
INFO: Video file selected for upload.
INFO: Waiting for YouTube to finish processing the video...
INFO: Video processing completed.
INFO: Updating video title and description...
INFO: Video details updated successfully.
INFO: Clicked 'Next' button (1/3).
INFO: Clicked 'Next' button (2/3).
INFO: Clicked 'Next' button (3/3).
INFO: 'Done' button clicked. Video upload finalized.
INFO: YouTube upload process completed successfully.

✅ YouTube AutoUpload completed successfully.


INFO: TikTok AutoUpload for channel: 'The Science Of Getting Rich', folder: 'D:\2025\Projects\Presence\Presence0.1\Channels\The Science Of Getting Rich\Clips\_The_Creative_Process__Formless_Motion_'
INFO: Video file: D:\2025\Projects\Presence\Presence0.1\Channels\The Science Of Getting Rich\Clips\_The_Creative_Process__Formless_Motion_\_The_Creative_Process__Formless_Motion_.mp4 (Timestamp: 20250316_142309)
INFO: Description: In creating, the Formless seems to move according to the lines of motion it has established. the thought of an oak tree does not cause the instant formation of a full-grown tree, but it does start in motion the forces which will produce the tree, along established lines of growth.
INFO: Initiating TikTok upload for video: D:\2025\Projects\Presence\Presence0.1\Channels\The Science Of Getting Rich\Clips\_The_Creative_Process__Formless_Motion_\_The_Creative_Process__Formless_Motion_.mp4
INFO: Video file selected for upload.
INFO: Expected placeholder (current text) in description editor: '_The_Creative_Process__Formless_Motion_'
INFO: Found description editor using placeholder match.
INFO: Description updated with metadata.
INFO: 'Post' button clicked. TikTok upload finalized.
INFO: TikTok upload process completed successfully.

✅ TikTok AutoUpload completed successfully.


INFO: Instagram AutoUpload for channel: 'The Science Of Getting Rich', folder: 'D:\2025\Projects\Presence\Presence0.1\Channels\The Science Of Getting Rich\Clips\_The_Creative_Process__Formless_Motion_'
ERROR: 'Create' button not found: Message: 

INFO: Done.

✅ Instagram AutoUpload completed successfully.

INFO: Moving folder 'D:\2025\Projects\Presence\Presence0.1\Channels\The Science Of Getting Rich\Clips\_The_Creative_Process__Formless_Motion_' to archive: D:\2025\Projects\Presence\Presence0.1\Channels\The Science Of Getting Rich\Clips_Archive\_The_Creative_Process__Formless_Motion_
INFO: Process completed successfully.
