INFO: Log file created: D:\2025\Projects\Presence\Presence0.1\Uploader\Logs\20250317_020231.log


INFO: Channel provided from command line: RedNBlack
INFO: Earliest folder found: D:\2025\Projects\Presence\Presence0.1\Channels\RedNBlack\Clips\14_20250311_152426

INFO: YouTube AutoUpload for channel: 'RedNBlack', folder: 'D:\2025\Projects\Presence\Presence0.1\Channels\RedNBlack\Clips\14_20250311_152426'
INFO: Video file: D:\2025\Projects\Presence\Presence0.1\Channels\RedNBlack\Clips\14_20250311_152426\14_20250311_152426.mp4 (Timestamp: 20250311_152426)
INFO: Initiating upload for video: D:\2025\Projects\Presence\Presence0.1\Channels\RedNBlack\Clips\14_20250311_152426\14_20250311_152426.mp4
INFO: Video file selected for upload.
INFO: Waiting for YouTube to finish processing the video...
INFO: Video processing completed.
INFO: Updating video title and description...
INFO: Video details updated successfully.
INFO: Clicked 'Next' button (1/3).
INFO: Clicked 'Next' button (2/3).
INFO: Clicked 'Next' button (3/3).
INFO: 'Done' button clicked. Video upload finalized.
INFO: YouTube upload process completed successfully.

✅ YouTube AutoUpload completed successfully.


INFO: TikTok AutoUpload for channel: 'RedNBlack', folder: 'D:\2025\Projects\Presence\Presence0.1\Channels\RedNBlack\Clips\14_20250311_152426'
INFO: Video file: D:\2025\Projects\Presence\Presence0.1\Channels\RedNBlack\Clips\14_20250311_152426\14_20250311_152426.mp4 (Timestamp: 20250311_152426)
INFO: Description: i came i saw i conquered. divide and rule. fortune favors the bold
INFO: Initiating TikTok upload for video: D:\2025\Projects\Presence\Presence0.1\Channels\RedNBlack\Clips\14_20250311_152426\14_20250311_152426.mp4
INFO: Video file selected for upload.
INFO: Expected placeholder (current text) in description editor: '14_20250311_152426'
INFO: Found description editor using placeholder match.
INFO: Description updated with metadata.
INFO: 'Post' button clicked. TikTok upload finalized.
INFO: TikTok upload process completed successfully.

✅ TikTok AutoUpload completed successfully.


INFO: Instagram AutoUpload for channel: 'RedNBlack', folder: 'D:\2025\Projects\Presence\Presence0.1\Channels\RedNBlack\Clips\14_20250311_152426'
INFO: Clicked 'Create'.
INFO: Clicked 'Select from computer'.
INFO: Selected file: D:\2025\Projects\Presence\Presence0.1\Channels\RedNBlack\Clips\14_20250311_152426\14_20250311_152426.mp4
INFO: Clicked 'Next'.
INFO: Clicked 'Next'.
INFO: Pasting description into caption: i came i saw i conquered. divide and rule. fortune favors the bold
INFO: Description pasted successfully.
INFO: Clicked 'Share'.
INFO: Share confirmation detected.
INFO: Upload confirmed; post upload process completed.
INFO: Done.

✅ Instagram AutoUpload completed successfully.

INFO: Moving folder 'D:\2025\Projects\Presence\Presence0.1\Channels\RedNBlack\Clips\14_20250311_152426' to archive: D:\2025\Projects\Presence\Presence0.1\Channels\RedNBlack\Clips_Archive\14_20250311_152426
INFO: Process completed successfully.
