INFO: Log file created: D:\2025\Projects\Presence\Presence0.1\Uploader\Logs\All_Uploader_Logs\20250317_162309.log


INFO: Channel provided from command line: RedNBlack
INFO: Earliest folder found: D:\2025\Projects\Presence\Presence0.1\Channels\RedNBlack\Clips\16_20250312_123936
WARNING: Unknown media '#youtube', skipping.
WARNING: Unknown media '#tiktok', skipping.

ACTION: Instagram Uploader
CHANNEL: 'RedNBlack',
INPUT: 'D:\2025\Projects\Presence\Presence0.1\Channels\RedNBlack\Clips\16_20250312_123936'
INFO: Clicked 'Create'.
INFO: Clicked 'Select from computer'.
INFO: Selected file: D:\2025\Projects\Presence\Presence0.1\Channels\RedNBlack\Clips\16_20250312_123936\16_20250312_123936.mp4
INFO: Clicked the first 'Next' in the crop dialog.
INFO: Clicked the 'Next' button in Edit dialog.
INFO: No 'description' in JSON. Skipping caption update.
INFO: Clicked 'Share'.
INFO: Share confirmation detected.
INFO: Upload confirmed; post upload process completed.
INFO: Done.

✅ Instagram Uploader completed successfully.

INFO: Moving folder 'D:\2025\Projects\Presence\Presence0.1\Channels\RedNBlack\Clips\16_20250312_123936' to archive: D:\2025\Projects\Presence\Presence0.1\Channels\RedNBlack\Clips_Archive\16_20250312_123936
INFO: Process completed successfully.
