INFO: Log file created: D:\2025\Projects\Presence\Presence0.1\Uploader\Logs\All_Uploader_Logs\20250317_163822.log


INFO: Channel provided from command line: The Science Of Getting Rich
INFO: Earliest folder found: D:\2025\Projects\Presence\Presence0.1\Channels\The Science Of Getting Rich\Clips\Thought_Creates_Reality
WARNING: Unknown media '#youtube', skipping.
WARNING: Unknown media '#tiktok', skipping.

ACTION: Instagram Uploader
CHANNEL: 'The Science Of Getting Rich',
INPUT: 'D:\2025\Projects\Presence\Presence0.1\Channels\The Science Of Getting Rich\Clips\Thought_Creates_Reality'
INFO: Clicked 'Create'.
INFO: Clicked 'Select from computer'.
INFO: Selected file: D:\2025\Projects\Presence\Presence0.1\Channels\The Science Of Getting Rich\Clips\Thought_Creates_Reality\Thought_Creates_Reality.mp4
INFO: Clicked the first 'Next' in the crop dialog.
INFO: Clicked the 'Next' button in Edit dialog.
INFO: Pasting description into caption: A thought, in this substance, produces the thing that is imaged by the thought.
INFO: Description pasted successfully.
INFO: Discard popup detected.
INFO: Discard popup canceled.
INFO: Retrying 'Share' click after discard popup was canceled.
INFO: Discard popup detected.
INFO: Discard popup canceled.
INFO: Retrying 'Share' click after discard popup was canceled.
INFO: Upload process finished within 2 minutes. Quitting browser.
INFO: Done.

✅ Instagram Uploader completed successfully.

INFO: Moving folder 'D:\2025\Projects\Presence\Presence0.1\Channels\The Science Of Getting Rich\Clips\Thought_Creates_Reality' to archive: D:\2025\Projects\Presence\Presence0.1\Channels\The Science Of Getting Rich\Clips_Archive\Thought_Creates_Reality
INFO: Process completed successfully.
