INFO: Log file created: D:\2025\Projects\Presence\Presence0.1\Uploader\Logs\20250313_020714.log


INFO: Channel provided from command line: The Science Of Getting Rich
INFO: Earliest folder found: D:\2025\Projects\Presence\Presence0.1\Channels\The Science Of Getting Rich\Clips\_Manifesting_Wealth_and_Generosity_

INFO: YouTube AutoUpload for channel: 'The Science Of Getting Rich', folder: 'D:\2025\Projects\Presence\Presence0.1\Channels\The Science Of Getting Rich\Clips\_Manifesting_Wealth_and_Generosity_'
INFO: Video file: D:\2025\Projects\Presence\Presence0.1\Channels\The Science Of Getting Rich\Clips\_Manifesting_Wealth_and_Generosity_\_Manifesting_Wealth_and_Generosity_.mp4 (Timestamp: 20250313_020511)
INFO: Initiating upload for video: D:\2025\Projects\Presence\Presence0.1\Channels\The Science Of Getting Rich\Clips\_Manifesting_Wealth_and_Generosity_\_Manifesting_Wealth_and_Generosity_.mp4
INFO: Video file selected for upload.
INFO: Waiting for YouTube to finish processing the video...
INFO: Video processing completed.
INFO: Updating video title and description...
INFO: Video details updated successfully.
INFO: Clicked 'Next' button (1/3).
INFO: Clicked 'Next' button (2/3).
INFO: Clicked 'Next' button (3/3).
INFO: 'Done' button clicked. Video upload finalized.
INFO: YouTube upload process completed successfully.

✅ YouTube AutoUpload completed successfully.


INFO: TikTok AutoUpload for channel: 'The Science Of Getting Rich', folder: 'D:\2025\Projects\Presence\Presence0.1\Channels\The Science Of Getting Rich\Clips\_Manifesting_Wealth_and_Generosity_'
INFO: Video file: D:\2025\Projects\Presence\Presence0.1\Channels\The Science Of Getting Rich\Clips\_Manifesting_Wealth_and_Generosity_\_Manifesting_Wealth_and_Generosity_.mp4 (Timestamp: 20250313_020511)
INFO: Description: Feel that you are getting rich, and that in so doing you are making others rich, and conferring benefits on all.
INFO: Initiating TikTok upload for video: D:\2025\Projects\Presence\Presence0.1\Channels\The Science Of Getting Rich\Clips\_Manifesting_Wealth_and_Generosity_\_Manifesting_Wealth_and_Generosity_.mp4
INFO: Video file selected for upload.
INFO: Expected placeholder (current text) in description editor: '_Manifesting_Wealth_and_Generosity_'
INFO: Found description editor using placeholder match.
INFO: Description updated with metadata.
INFO: 'Post' button clicked. TikTok upload finalized.
INFO: TikTok upload process completed successfully.

✅ TikTok AutoUpload completed successfully.

INFO: Moving folder 'D:\2025\Projects\Presence\Presence0.1\Channels\The Science Of Getting Rich\Clips\_Manifesting_Wealth_and_Generosity_' to archive: D:\2025\Projects\Presence\Presence0.1\Channels\The Science Of Getting Rich\Clips_Archive\_Manifesting_Wealth_and_Generosity_
INFO: Process completed successfully.
