INFO: Log file created: D:\2025\Projects\Presence\Presence0.1\Uploader\Logs\20250225_202034.log


INFO: Channel provided from command line: RedNBlack
INFO: Earliest folder found: D:\2025\Projects\Presence\Presence0.1\Channels\RedNBlack\Clips\20250225_193746

INFO: YouTube AutoUpload for channel: 'RedNBlack', folder: 'D:\2025\Projects\Presence\Presence0.1\Channels\RedNBlack\Clips\20250225_193746'
INFO: Video file: D:\2025\Projects\Presence\Presence0.1\Channels\RedNBlack\Clips\20250225_193746\20250225_193746.mp4 (Timestamp: 20250225_193746)
INFO: Initiating upload for video: D:\2025\Projects\Presence\Presence0.1\Channels\RedNBlack\Clips\20250225_193746\20250225_193746.mp4
INFO: Video file selected for upload.
INFO: Waiting for YouTube to finish processing the video...
INFO: Video processing completed.
ERROR: No JSON file found in folder D:\2025\Projects\Presence\Presence0.1\Channels\RedNBlack\Clips\20250225_193746
INFO: Clicked 'Next' button (1/3).
INFO: Clicked 'Next' button (2/3).
INFO: Clicked 'Next' button (3/3).
INFO: 'Done' button clicked. Video upload finalized.
INFO: YouTube upload process completed successfully.

✅ YouTube AutoUpload completed successfully.


INFO: TikTok AutoUpload for channel: 'RedNBlack', folder: 'D:\2025\Projects\Presence\Presence0.1\Channels\RedNBlack\Clips\20250225_193746'
ERROR: No JSON file found in folder D:\2025\Projects\Presence\Presence0.1\Channels\RedNBlack\Clips\20250225_193746
INFO: Video file: D:\2025\Projects\Presence\Presence0.1\Channels\RedNBlack\Clips\20250225_193746\20250225_193746.mp4 (Timestamp: 20250225_193746)
INFO: Description: 
INFO: Initiating TikTok upload for video: D:\2025\Projects\Presence\Presence0.1\Channels\RedNBlack\Clips\20250225_193746\20250225_193746.mp4
INFO: Video file selected for upload.
INFO: Expected placeholder (current text) in description editor: '20250225_193746'
INFO: Found description editor using placeholder match.
INFO: Description updated with metadata.
INFO: 'Post' button clicked. TikTok upload finalized.
INFO: TikTok upload process completed successfully.

✅ TikTok AutoUpload completed successfully.

INFO: Moving folder 'D:\2025\Projects\Presence\Presence0.1\Channels\RedNBlack\Clips\20250225_193746' to archive: D:\2025\Projects\Presence\Presence0.1\Channels\RedNBlack\Clips_Archive\20250225_193746
INFO: Process completed successfully.
