INFO: Log file created: D:\2025\Projects\Presence\Presence0.1\Uploader\Logs\20250312_123850.log


INFO: Channel provided from command line: God Mode Notes
INFO: Earliest folder found: D:\2025\Projects\Presence\Presence0.1\Channels\God Mode Notes\Clips\20250304_210014

INFO: YouTube AutoUpload for channel: 'God Mode Notes', folder: 'D:\2025\Projects\Presence\Presence0.1\Channels\God Mode Notes\Clips\20250304_210014'
INFO: Video file: D:\2025\Projects\Presence\Presence0.1\Channels\God Mode Notes\Clips\20250304_210014\20250304_210014.mp4 (Timestamp: 20250304_210014)
INFO: Initiating upload for video: D:\2025\Projects\Presence\Presence0.1\Channels\God Mode Notes\Clips\20250304_210014\20250304_210014.mp4
INFO: Video file selected for upload.
INFO: Waiting for YouTube to finish processing the video...
INFO: Video processing completed.
INFO: Updating video title and description...
INFO: Video details updated successfully.
INFO: Clicked 'Next' button (1/3).
INFO: Clicked 'Next' button (2/3).
INFO: Clicked 'Next' button (3/3).
INFO: 'Done' button clicked. Video upload finalized.
INFO: YouTube upload process completed successfully.

✅ YouTube AutoUpload completed successfully.


INFO: TikTok AutoUpload for channel: 'God Mode Notes', folder: 'D:\2025\Projects\Presence\Presence0.1\Channels\God Mode Notes\Clips\20250304_210014'
ERROR: 'AutoUploadTikTok.py' failed with exit code 1
INFO: Video file: D:\2025\Projects\Presence\Presence0.1\Channels\God Mode Notes\Clips\20250304_210014\20250304_210014.mp4 (Timestamp: 20250304_210014)
INFO: Description: Your time is limited, so don't waste it living someone else's life.
Traceback (most recent call last):
  File "D:\2025\Projects\Presence\Presence0.1\Uploader\Tiktok\AutoUpload - Tiktok\Code\AutoUploadTikTok.py", line 213, in <module>
    main()
  File "D:\2025\Projects\Presence\Presence0.1\Uploader\Tiktok\AutoUpload - Tiktok\Code\AutoUploadTikTok.py", line 204, in main
    bot = start_browser()
          ^^^^^^^^^^^^^^^
  File "D:\2025\Projects\Presence\Presence0.1\Uploader\Tiktok\AutoUpload - Tiktok\Code\AutoUploadTikTok.py", line 58, in start_browser
    service = Service(CHROME_BETA_DRIVER_PATH)
                      ^^^^^^^^^^^^^^^^^^^^^^^
NameError: name 'CHROME_BETA_DRIVER_PATH' is not defined. Did you mean: 'CHROME_BETA_EXE_PATH'?

