INFO: Log file created: D:\2025\Projects\Presence\Presence0.1\Uploader\Logs\20250315_020247.log


INFO: Channel provided from command line: RedNBlack
INFO: Earliest folder found: D:\2025\Projects\Presence\Presence0.1\Channels\RedNBlack\Clips\11_20250309_122208

INFO: YouTube AutoUpload for channel: 'RedNBlack', folder: 'D:\2025\Projects\Presence\Presence0.1\Channels\RedNBlack\Clips\11_20250309_122208'
INFO: Video file: D:\2025\Projects\Presence\Presence0.1\Channels\RedNBlack\Clips\11_20250309_122208\11_20250309_122208.mp4 (Timestamp: 20250309_122208)
INFO: Initiating upload for video: D:\2025\Projects\Presence\Presence0.1\Channels\RedNBlack\Clips\11_20250309_122208\11_20250309_122208.mp4
INFO: Video file selected for upload.
INFO: Waiting for YouTube to finish processing the video...
INFO: Video processing completed.
INFO: Updating video title and description...
INFO: Video details updated successfully.
INFO: Clicked 'Next' button (1/3).
INFO: Clicked 'Next' button (2/3).
INFO: Clicked 'Next' button (3/3).
INFO: 'Done' button clicked. Video upload finalized.
INFO: YouTube upload process completed successfully.

✅ YouTube AutoUpload completed successfully.


INFO: TikTok AutoUpload for channel: 'RedNBlack', folder: 'D:\2025\Projects\Presence\Presence0.1\Channels\RedNBlack\Clips\11_20250309_122208'
INFO: Video file: D:\2025\Projects\Presence\Presence0.1\Channels\RedNBlack\Clips\11_20250309_122208\11_20250309_122208.mp4 (Timestamp: 20250309_122208)
INFO: Description: all men are created equal. government of the people by the people. a house divided against itself cannot stand
INFO: Initiating TikTok upload for video: D:\2025\Projects\Presence\Presence0.1\Channels\RedNBlack\Clips\11_20250309_122208\11_20250309_122208.mp4
INFO: Video file selected for upload.
INFO: Expected placeholder (current text) in description editor: '11_20250309_122208'
INFO: Found description editor using placeholder match.
INFO: Description updated with metadata.
INFO: 'Post' button clicked. TikTok upload finalized.
INFO: TikTok upload process completed successfully.

✅ TikTok AutoUpload completed successfully.

INFO: Moving folder 'D:\2025\Projects\Presence\Presence0.1\Channels\RedNBlack\Clips\11_20250309_122208' to archive: D:\2025\Projects\Presence\Presence0.1\Channels\RedNBlack\Clips_Archive\11_20250309_122208
INFO: Process completed successfully.
