INFO: Log file created: D:\2025\Projects\Presence\Presence0.1\Uploader\Logs\All_Uploader_Logs\20250317_155716.log


INFO: Channel provided from command line: God Mode Notes
INFO: Earliest folder found: D:\2025\Projects\Presence\Presence0.1\Channels\God Mode Notes\Clips\20250314_020005

ACTION: YouTube Uploader
CHANNEL: 'God Mode Notes',
INPUT: 'D:\2025\Projects\Presence\Presence0.1\Channels\God Mode Notes\Clips\20250314_020005'
INFO: Video file: D:\2025\Projects\Presence\Presence0.1\Channels\God Mode Notes\Clips\20250314_020005\20250314_020005.mp4 (Timestamp: 20250314_020005)
INFO: Initiating upload for video: D:\2025\Projects\Presence\Presence0.1\Channels\God Mode Notes\Clips\20250314_020005\20250314_020005.mp4
INFO: Video file selected for upload.
INFO: Waiting for YouTube to finish processing the video...
INFO: Video processing completed.
INFO: Updating video title and description...
INFO: Video details updated successfully.
INFO: Clicked 'Next' button (1/3).
INFO: Clicked 'Next' button (2/3).
INFO: Clicked 'Next' button (3/3).
INFO: 'Done' button clicked. Video upload finalized.
INFO: YouTube upload process completed successfully.

✅ YouTube Uploader completed successfully.


ACTION: TikTok Uploader
CHANNEL: 'God Mode Notes',
INPUT: 'D:\2025\Projects\Presence\Presence0.1\Channels\God Mode Notes\Clips\20250314_020005'
INFO: Video file: D:\2025\Projects\Presence\Presence0.1\Channels\God Mode Notes\Clips\20250314_020005\20250314_020005.mp4 (Timestamp: 20250314_020005)
INFO: Description: Don't watch the clock; do what it does. Keep going.
INFO: Initiating TikTok upload for video: D:\2025\Projects\Presence\Presence0.1\Channels\God Mode Notes\Clips\20250314_020005\20250314_020005.mp4
INFO: Video file selected for upload.
INFO: Expected placeholder (current text) in description editor: '20250314_020005'
INFO: Found description editor using placeholder match.
INFO: Description updated with metadata.
INFO: 'Post' button clicked. TikTok upload finalized.
INFO: TikTok upload process completed successfully.

✅ TikTok Uploader completed successfully.


ACTION: Instagram Uploader
CHANNEL: 'God Mode Notes',
INPUT: 'D:\2025\Projects\Presence\Presence0.1\Channels\God Mode Notes\Clips\20250314_020005'
INFO: Clicked 'Create'.
INFO: Clicked 'Select from computer'.
INFO: Selected file: D:\2025\Projects\Presence\Presence0.1\Channels\God Mode Notes\Clips\20250314_020005\20250314_020005.mp4
INFO: Clicked the first 'Next' in the crop dialog.
INFO: Clicked the 'Next' button in Edit dialog.
INFO: Pasting description into caption: Don't watch the clock; do what it does. Keep going.
INFO: Description pasted successfully.
INFO: Clicked 'Share'.
INFO: Share confirmation detected.
INFO: Upload confirmed; post upload process completed.
INFO: Done.

✅ Instagram Uploader completed successfully.

INFO: Moving folder 'D:\2025\Projects\Presence\Presence0.1\Channels\God Mode Notes\Clips\20250314_020005' to archive: D:\2025\Projects\Presence\Presence0.1\Channels\God Mode Notes\Clips_Archive\20250314_020005
INFO: Process completed successfully.
