INFO: Log file created: D:\2025\Projects\Presence\Presence0.1\Uploader\Logs\20250228_220251.log


INFO: Channel provided from command line: God Mode Notes
INFO: Earliest folder found: D:\2025\Projects\Presence\Presence0.1\Channels\God Mode Notes\Clips\20250227_220002

INFO: YouTube AutoUpload for channel: 'God Mode Notes', folder: 'D:\2025\Projects\Presence\Presence0.1\Channels\God Mode Notes\Clips\20250227_220002'
INFO: Video file: D:\2025\Projects\Presence\Presence0.1\Channels\God Mode Notes\Clips\20250227_220002\20250227_220002.mp4 (Timestamp: 20250227_220002)
INFO: Initiating upload for video: D:\2025\Projects\Presence\Presence0.1\Channels\God Mode Notes\Clips\20250227_220002\20250227_220002.mp4
INFO: Video file selected for upload.
INFO: Waiting for YouTube to finish processing the video...
INFO: Video processing completed.
INFO: Updating video title and description...
INFO: Video details updated successfully.
INFO: Clicked 'Next' button (1/3).
INFO: Clicked 'Next' button (2/3).
INFO: Clicked 'Next' button (3/3).
INFO: 'Done' button clicked. Video upload finalized.
INFO: YouTube upload process completed successfully.

✅ YouTube AutoUpload completed successfully.


INFO: TikTok AutoUpload for channel: 'God Mode Notes', folder: 'D:\2025\Projects\Presence\Presence0.1\Channels\God Mode Notes\Clips\20250227_220002'
INFO: Video file: D:\2025\Projects\Presence\Presence0.1\Channels\God Mode Notes\Clips\20250227_220002\20250227_220002.mp4 (Timestamp: 20250227_220002)
INFO: Description: cowards die many times before their deaths
the valiant never taste of death but once
of all the wonders that i yet have heard
it seems to me most strange that men should fear
INFO: Initiating TikTok upload for video: D:\2025\Projects\Presence\Presence0.1\Channels\God Mode Notes\Clips\20250227_220002\20250227_220002.mp4
INFO: Video file selected for upload.
INFO: Expected placeholder (current text) in description editor: '20250227_220002'
INFO: Found description editor using placeholder match.
INFO: Description updated with metadata.
INFO: 'Post' button clicked. TikTok upload finalized.
INFO: TikTok upload process completed successfully.

✅ TikTok AutoUpload completed successfully.

INFO: Moving folder 'D:\2025\Projects\Presence\Presence0.1\Channels\God Mode Notes\Clips\20250227_220002' to archive: D:\2025\Projects\Presence\Presence0.1\Channels\God Mode Notes\Clips_Archive\20250227_220002
INFO: Process completed successfully.
