Processing folder: God Mode Notes
API key loaded successfully.
Getting inspiration - OFFLINE mode
Using text from file: D:\2025\Projects\Presence\Presence0.1\Creator\God Mode Notes\Resources\Text\10.txt
Traceback (most recent call last):
  File "D:\2025\Projects\Presence\Presence0.1\Creator\God Mode Notes\Code\Creator_GodModeNotes.py", line 473, in <module>
    main()
  File "D:\2025\Projects\Presence\Presence0.1\Creator\God Mode Notes\Code\Creator_GodModeNotes.py", line 373, in main
    frame_bgr = render_frame(typed_text, font, brand_logo, frame_count, cursor_blink_rate)
                ^^^^^^^^^^^^^^^^^^^^^^^^^^^^^^^^^^^^^^^^^^^^^^^^^^^^^^^^^^^^^^^^^^^^^^^^^^
  File "D:\2025\Projects\Presence\Presence0.1\Creator\God Mode Notes\Code\Creator_GodModeNotes.py", line 242, in render_frame
    frame_bgr = old_film_effect(frame_bgr)
                ^^^^^^^^^^^^^^^^^^^^^^^^^^
  File "D:\2025\Projects\Presence\Presence0.1\Creator\God Mode Notes\Code\Creator_GodModeNotes.py", line 124, in old_film_effect
    frame_bgr = add_soft_vignette(frame_bgr, intensity=0.08)
                ^^^^^^^^^^^^^^^^^^^^^^^^^^^^^^^^^^^^^^^^^^^^
  File "D:\2025\Projects\Presence\Presence0.1\Creator\God Mode Notes\Code\Creator_GodModeNotes.py", line 95, in add_soft_vignette
    vignette[:, :, i] = (frame_float[:, :, i] * (1 - intensity)
    ~~~~~~~~^^^^^^^^^
KeyboardInterrupt
^CTerminate batch job (Y/N)? 
^CProcessing folder: RedNBlack
Traceback (most recent call last):
  File "D:\2025\Projects\Presence\Presence0.1\Creator\RedNBlack\Code\Creator_RedNBlack.py", line 4, in <module>
    from moviepy import VideoClip, AudioFileClip, CompositeAudioClip 
    ^^^^^^^^^^^^^^^^^^^^^^^^^^^^^^^^^^^^^^^^^^^^^^^^^^^^^^^^^^^^^^^^
  File "C:\Users\omers\AppData\Local\Programs\Python\Python311\Lib\site-packages\moviepy\__init__.py", line 4, in <module>
    from moviepy.audio import fx as afx
  File "C:\Users\omers\AppData\Local\Programs\Python\Python311\Lib\site-packages\moviepy\audio\fx\__init__.py", line 5, in <module>
    from moviepy.audio.fx.AudioDelay import AudioDelay
  File "C:\Users\omers\AppData\Local\Programs\Python\Python311\Lib\site-packages\moviepy\audio\fx\AudioDelay.py", line 3, in <module>
    import numpy as np
  File "C:\Users\omers\AppData\Local\Programs\Python\Python311\Lib\site-packages\numpy\__init__.py", line 194, in <module>
    from . import lib
  File "C:\Users\omers\AppData\Local\Programs\Python\Python311\Lib\site-packages\numpy\lib\__init__.py", line 23, in <module>
    from . import _index_tricks_impl
  File "C:\Users\omers\AppData\Local\Programs\Python\Python311\Lib\site-packages\numpy\lib\_index_tricks_impl.py", line 12, in <module>
    import numpy.matrixlib as matrixlib
  File "C:\Users\omers\AppData\Local\Programs\Python\Python311\Lib\site-packages\numpy\matrixlib\__init__.py", line 4, in <module>
    from . import defmatrix
  File "C:\Users\omers\AppData\Local\Programs\Python\Python311\Lib\site-packages\numpy\matrixlib\defmatrix.py", line 12, in <module>
    from numpy.linalg import matrix_power
  File "C:\Users\omers\AppData\Local\Programs\Python\Python311\Lib\site-packages\numpy\linalg\__init__.py", line 88, in <module>
    from . import _linalg
  File "C:\Users\omers\AppData\Local\Programs\Python\Python311\Lib\site-packages\numpy\linalg\_linalg.py", line 41, in <module>
    from numpy._typing import NDArray
  File "C:\Users\omers\AppData\Local\Programs\Python\Python311\Lib\site-packages\numpy\_typing\__init__.py", line 92, in <module>
    from ._nested_sequence import (
  File "<frozen importlib._bootstrap>", line 1178, in _find_and_load
  File "<frozen importlib._bootstrap>", line 1140, in _find_and_load_unlocked
  File "<frozen importlib._bootstrap>", line 1080, in _find_spec
  File "<frozen importlib._bootstrap_external>", line 1504, in find_spec
  File "<frozen importlib._bootstrap_external>", line 1476, in _get_spec
  File "<frozen importlib._bootstrap_external>", line 1640, in find_spec
  File "<frozen importlib._bootstrap_external>", line 106, in _path_join
KeyboardInterrupt
^CTerminate batch job (Y/N)? 
^CProcessing folder: The Science Of Getting Rich
Traceback (most recent call last):
  File "D:\2025\Projects\Presence\Presence0.1\Creator\The Science Of Getting Rich\Code\Creator_TheScienceOfGettingRich.py", line 4, in <module>
    import cv2
  File "C:\Users\omers\AppData\Local\Programs\Python\Python311\Lib\site-packages\cv2\__init__.py", line 11, in <module>
    import numpy
  File "C:\Users\omers\AppData\Local\Programs\Python\Python311\Lib\site-packages\numpy\__init__.py", line 194, in <module>
    from . import lib
  File "C:\Users\omers\AppData\Local\Programs\Python\Python311\Lib\site-packages\numpy\lib\__init__.py", line 23, in <module>
    from . import _index_tricks_impl
  File "C:\Users\omers\AppData\Local\Programs\Python\Python311\Lib\site-packages\numpy\lib\_index_tricks_impl.py", line 16, in <module>
    from numpy.lib._function_base_impl import diff
  File "C:\Users\omers\AppData\Local\Programs\Python\Python311\Lib\site-packages\numpy\lib\_function_base_impl.py", line 32, in <module>
    from numpy.lib._histograms_impl import histogram, histogramdd  # noqa: F401
    ^^^^^^^^^^^^^^^^^^^^^^^^^^^^^^^^^^^^^^^^^^^^^^^^^^^^^^^^^^^^^
  File "<frozen importlib._bootstrap>", line 1178, in _find_and_load
  File "<frozen importlib._bootstrap>", line 1140, in _find_and_load_unlocked
  File "<frozen importlib._bootstrap>", line 1080, in _find_spec
  File "<frozen importlib._bootstrap_external>", line 1504, in find_spec
  File "<frozen importlib._bootstrap_external>", line 1476, in _get_spec
  File "<frozen importlib._bootstrap_external>", line 1612, in find_spec
  File "<frozen importlib._bootstrap_external>", line 147, in _path_stat
KeyboardInterrupt
^CTerminate batch job (Y/N)? 